<?xml version="1.0" encoding="UTF-8" ?>
<testsuite tests="18" failures="0" name="com.mycompany.uwomapviewer.dataStorageTest" time="0.106" errors="0" skipped="0">
  <properties>
    <property name="java.runtime.name" value="Java(TM) SE Runtime Environment"/>
    <property name="java.vm.version" value="19.0.2+7-44"/>
    <property name="sun.boot.library.path" value="C:\Program Files\Java\jdk-19\bin"/>
    <property name="user.country.format" value="CN"/>
    <property name="maven.multiModuleProjectDirectory" value="C:\Users\Jerry\Desktop\UwoMapViewer 6\UwoMapViewer"/>
    <property name="java.vm.vendor" value="Oracle Corporation"/>
    <property name="java.vendor.url" value="https://java.oracle.com/"/>
    <property name="guice.disable.misplaced.annotation.check" value="true"/>
    <property name="path.separator" value=";"/>
    <property name="java.vm.name" value="Java HotSpot(TM) 64-Bit Server VM"/>
    <property name="sun.os.patch.level" value=""/>
    <property name="user.script" value=""/>
    <property name="user.country" value="US"/>
    <property name="sun.java.launcher" value="SUN_STANDARD"/>
    <property name="test" value="com.mycompany.uwomapviewer.dataStorageTest"/>
    <property name="java.vm.specification.name" value="Java Virtual Machine Specification"/>
    <property name="user.dir" value="C:\Users\Jerry\Desktop\UwoMapViewer 6\UwoMapViewer"/>
    <property name="java.vm.compressedOopsMode" value="Zero based"/>
    <property name="java.runtime.version" value="19.0.2+7-44"/>
    <property name="os.arch" value="amd64"/>
    <property name="java.io.tmpdir" value="C:\Users\Jerry\AppData\Local\Temp\"/>
    <property name="line.separator" value="
"/>
    <property name="java.vm.specification.vendor" value="Oracle Corporation"/>
    <property name="user.variant" value=""/>
    <property name="stderr.encoding" value="Cp1252"/>
    <property name="os.name" value="Windows 11"/>
    <property name="maven.ext.class.path" value="C:\Program Files\NetBeans-16\netbeans\java\maven-nblib\netbeans-eventspy.jar"/>
    <property name="classworlds.conf" value="C:\Program Files\NetBeans-16\netbeans\java\maven\bin\m2.conf"/>
    <property name="sun.jnu.encoding" value="Cp1252"/>
    <property name="stdout.encoding" value="Cp1252"/>
    <property name="java.library.path" value="C:\Program Files\Java\jdk-19\bin;C:\Windows\Sun\Java\bin;C:\Windows\system32;C:\Windows;C:\Program Files\Common Files\Oracle\Java\javapath;C:\Windows\system32;C:\Windows;C:\Windows\System32\Wbem;C:\Windows\System32\WindowsPowerShell\v1.0\;C:\Windows\System32\OpenSSH\;C:\Program Files\NVIDIA Corporation\NVIDIA NvDLISR;C:\Program Files (x86)\NVIDIA Corporation\PhysX\Common;C:\Program Files\Git\cmd;C:\Users\Jerry\AppData\Local\Microsoft\WindowsApps;;D:\JetBrains\CLion\CLion 2022.3.2\bin;;D:\JetBrains\JetBrains Gateway 2022.3.2\bin;;C:\Users\Jerry\AppData\Local\Programs\Microsoft VS Code\bin;."/>
    <property name="maven.conf" value="C:\Program Files\NetBeans-16\netbeans\java\maven/conf"/>
    <property name="jdk.debug" value="release"/>
    <property name="java.class.version" value="63.0"/>
    <property name="java.specification.name" value="Java Platform API Specification"/>
    <property name="sun.management.compiler" value="HotSpot 64-Bit Tiered Compilers"/>
    <property name="os.version" value="10.0"/>
    <property name="library.jansi.path" value="C:\Program Files\NetBeans-16\netbeans\java\maven\lib\jansi-native"/>
    <property name="user.home" value="C:\Users\Jerry"/>
    <property name="user.timezone" value="America/New_York"/>
    <property name="file.encoding" value="UTF-8"/>
    <property name="java.specification.version" value="19"/>
    <property name="user.name" value="Jerry"/>
    <property name="java.class.path" value="C:\Program Files\NetBeans-16\netbeans\java\maven\boot\plexus-classworlds-2.6.0.jar"/>
    <property name="java.vm.specification.version" value="19"/>
    <property name="sun.arch.data.model" value="64"/>
    <property name="sun.java.command" value="org.codehaus.plexus.classworlds.launcher.Launcher -Dtest=com.mycompany.uwomapviewer.dataStorageTest -Dmaven.ext.class.path=C:\Program Files\NetBeans-16\netbeans\java\maven-nblib\netbeans-eventspy.jar -Dfile.encoding=UTF-8 surefire:test"/>
    <property name="java.home" value="C:\Program Files\Java\jdk-19"/>
    <property name="user.language" value="en"/>
    <property name="java.specification.vendor" value="Oracle Corporation"/>
    <property name="user.language.format" value="zh"/>
    <property name="java.vm.info" value="mixed mode, sharing"/>
    <property name="java.version" value="19.0.2"/>
    <property name="native.encoding" value="Cp1252"/>
    <property name="java.vendor" value="Oracle Corporation"/>
    <property name="maven.home" value="C:\Program Files\NetBeans-16\netbeans\java\maven"/>
    <property name="file.separator" value="\"/>
    <property name="java.version.date" value="2023-01-17"/>
    <property name="java.vendor.url.bug" value="https://bugreport.java.com/bugreport/"/>
    <property name="sun.io.unicode.encoding" value="UnicodeLittle"/>
    <property name="sun.cpu.endian" value="little"/>
    <property name="sun.cpu.isalist" value="amd64"/>
  </properties>
  <testcase classname="com.mycompany.uwomapviewer.dataStorageTest" name="testSelectPoiNotIndexed" time="0.016"/>
  <testcase classname="com.mycompany.uwomapviewer.dataStorageTest" name="testAddPoiRoomNumber" time="0.006"/>
  <testcase classname="com.mycompany.uwomapviewer.dataStorageTest" name="testAddPoiDescription" time="0.008"/>
  <testcase classname="com.mycompany.uwomapviewer.dataStorageTest" name="testAddPoiName" time="0.007"/>
  <testcase classname="com.mycompany.uwomapviewer.dataStorageTest" name="testAddPoiPosY" time="0.005"/>
  <testcase classname="com.mycompany.uwomapviewer.dataStorageTest" name="testGetUserData" time="0.005"/>
  <testcase classname="com.mycompany.uwomapviewer.dataStorageTest" name="testAddPoiPosX" time="0.005"/>
  <testcase classname="com.mycompany.uwomapviewer.dataStorageTest" name="testGetpoiData" time="0.006"/>
  <testcase classname="com.mycompany.uwomapviewer.dataStorageTest" name="testAddPoiBuilding" time="0.003"/>
  <testcase classname="com.mycompany.uwomapviewer.dataStorageTest" name="testAddPoiUser" time="0.003"/>
  <testcase classname="com.mycompany.uwomapviewer.dataStorageTest" name="testAddPoiFloor" time="0.003"/>
  <testcase classname="com.mycompany.uwomapviewer.dataStorageTest" name="testAddPoiFavorite" time="0.006"/>
  <testcase classname="com.mycompany.uwomapviewer.dataStorageTest" name="testDeletePoi" time="0.004"/>
  <testcase classname="com.mycompany.uwomapviewer.dataStorageTest" name="testFavoritePoi" time="0.009"/>
  <testcase classname="com.mycompany.uwomapviewer.dataStorageTest" name="testSelectPoi" time="0.004"/>
  <testcase classname="com.mycompany.uwomapviewer.dataStorageTest" name="testAddPoiCategory" time="0.003"/>
  <testcase classname="com.mycompany.uwomapviewer.dataStorageTest" name="testEditPoi" time="0.007"/>
  <testcase classname="com.mycompany.uwomapviewer.dataStorageTest" name="testSearchPoi" time="0.006"/>
</testsuite>